<?xml version="1.0" encoding="UTF-8"?>
<!-- Generated by org.testng.reporters.JUnitReportReporter -->
<testsuite hostname="DESKTOP-RK5KGC6" failures="0" tests="1" name="saucedemotest.SauceDemoTest" time="7.918" errors="0" timestamp="2023-11-05T21:32:30 IST" skipped="0">
  <testcase classname="saucedemotest.SauceDemoTest" name="test" time="7.918"/>
  <system-out/>
</testsuite> <!-- saucedemotest.SauceDemoTest -->
